app/build/intermediates/manifest_merge_blame_file/release/processReleaseMainManifest/manifest-merger-blame-release-report.txt
1<?xml version="1.0" encoding="utf-8"?>
2<manifest xmlns:android="http://schemas.android.com/apk/res/android"
3    package="com.universalapps.particleforge"
4    android:versionCode="1"
5    android:versionName="1.0" >
6
7    <uses-sdk
8        android:minSdkVersion="23"
9        android:targetSdkVersion="35" />
10
11    <uses-permission android:name="android.permission.INTERNET" />
11-->src/main/AndroidManifest.xml:3:5-67
11-->src/main/AndroidManifest.xml:3:22-64
12    <uses-permission android:name="android.permission.ACCESS_NETWORK_STATE" />
12-->src/main/AndroidManifest.xml:4:5-79
12-->src/main/AndroidManifest.xml:4:22-76
13    <uses-permission android:name="com.google.android.gms.permission.AD_ID" />
13-->[com.google.android.gms:play-services-ads-lite:22.6.0] AndroidManifest.xml:26:5-79
13-->[com.google.android.gms:play-services-ads-lite:22.6.0] AndroidManifest.xml:26:22-76
14    <uses-permission android:name="android.permission.ACCESS_ADSERVICES_AD_ID" />
14-->[com.google.android.gms:play-services-ads-lite:22.6.0] AndroidManifest.xml:27:5-82
14-->[com.google.android.gms:play-services-ads-lite:22.6.0] AndroidManifest.xml:27:22-79
15    <uses-permission android:name="android.permission.ACCESS_ADSERVICES_ATTRIBUTION" />
15-->[com.google.android.gms:play-services-ads-lite:22.6.0] AndroidManifest.xml:28:5-88
15-->[com.google.android.gms:play-services-ads-lite:22.6.0] AndroidManifest.xml:28:22-85
16    <uses-permission android:name="android.permission.ACCESS_ADSERVICES_TOPICS" /> <!-- Android package visibility setting -->
16-->[com.google.android.gms:play-services-ads-lite:22.6.0] AndroidManifest.xml:29:5-83
16-->[com.google.android.gms:play-services-ads-lite:22.6.0] AndroidManifest.xml:29:22-80
17    <queries>
17-->[com.google.android.gms:play-services-ads-lite:22.6.0] AndroidManifest.xml:35:5-51:15
18
19        <!-- For browser content -->
20        <intent>
20-->[com.google.android.gms:play-services-ads-lite:22.6.0] AndroidManifest.xml:38:9-44:18
21            <action android:name="android.intent.action.VIEW" />
21-->[com.google.android.gms:play-services-ads-lite:22.6.0] AndroidManifest.xml:39:13-65
21-->[com.google.android.gms:play-services-ads-lite:22.6.0] AndroidManifest.xml:39:21-62
22
23            <category android:name="android.intent.category.BROWSABLE" />
23-->[com.google.android.gms:play-services-ads-lite:22.6.0] AndroidManifest.xml:41:13-74
23-->[com.google.android.gms:play-services-ads-lite:22.6.0] AndroidManifest.xml:41:23-71
24
25            <data android:scheme="https" />
25-->[com.google.android.gms:play-services-ads-lite:22.6.0] AndroidManifest.xml:43:13-44
25-->[com.google.android.gms:play-services-ads-lite:22.6.0] AndroidManifest.xml:43:19-41
26        </intent>
27        <!-- End of browser content -->
28        <!-- For CustomTabsService -->
29        <intent>
29-->[com.google.android.gms:play-services-ads-lite:22.6.0] AndroidManifest.xml:47:9-49:18
30            <action android:name="android.support.customtabs.action.CustomTabsService" />
30-->[com.google.android.gms:play-services-ads-lite:22.6.0] AndroidManifest.xml:48:13-90
30-->[com.google.android.gms:play-services-ads-lite:22.6.0] AndroidManifest.xml:48:21-87
31        </intent>
32        <!-- End of CustomTabsService -->
33    </queries>
34
35    <uses-permission android:name="android.permission.WAKE_LOCK" />
35-->[com.google.android.gms:play-services-measurement-sdk-api:20.1.2] AndroidManifest.xml:25:5-68
35-->[com.google.android.gms:play-services-measurement-sdk-api:20.1.2] AndroidManifest.xml:25:22-65
36    <uses-permission android:name="android.permission.FOREGROUND_SERVICE" />
36-->[androidx.work:work-runtime:2.7.0] AndroidManifest.xml:28:5-77
36-->[androidx.work:work-runtime:2.7.0] AndroidManifest.xml:28:22-74
37
38    <permission
38-->[androidx.core:core:1.12.0] AndroidManifest.xml:22:5-24:47
39        android:name="com.universalapps.particleforge.DYNAMIC_RECEIVER_NOT_EXPORTED_PERMISSION"
39-->[androidx.core:core:1.12.0] AndroidManifest.xml:23:9-81
40        android:protectionLevel="signature" />
40-->[androidx.core:core:1.12.0] AndroidManifest.xml:24:9-44
41
42    <uses-permission android:name="com.universalapps.particleforge.DYNAMIC_RECEIVER_NOT_EXPORTED_PERMISSION" />
42-->[androidx.core:core:1.12.0] AndroidManifest.xml:26:5-97
42-->[androidx.core:core:1.12.0] AndroidManifest.xml:26:22-94
43
44    <application
44-->src/main/AndroidManifest.xml:6:5-25:19
45        android:allowBackup="true"
45-->src/main/AndroidManifest.xml:7:9-35
46        android:appComponentFactory="androidx.core.app.CoreComponentFactory"
46-->[androidx.core:core:1.12.0] AndroidManifest.xml:28:18-86
47        android:extractNativeLibs="false"
48        android:icon="@mipmap/ic_launcher"
48-->src/main/AndroidManifest.xml:8:9-43
49        android:label="@string/app_name"
49-->src/main/AndroidManifest.xml:9:9-41
50        android:theme="@style/Theme.AppCompat.Light.NoActionBar" >
50-->src/main/AndroidManifest.xml:10:9-65
51        <activity
51-->src/main/AndroidManifest.xml:12:9-20:20
52            android:name="com.universalapps.particleforge.MainActivity"
52-->src/main/AndroidManifest.xml:13:13-41
53            android:exported="true"
53-->src/main/AndroidManifest.xml:14:13-36
54            android:screenOrientation="portrait" >
54-->src/main/AndroidManifest.xml:15:13-49
55            <intent-filter>
55-->src/main/AndroidManifest.xml:16:13-19:29
56                <action android:name="android.intent.action.MAIN" />
56-->src/main/AndroidManifest.xml:17:17-69
56-->src/main/AndroidManifest.xml:17:25-66
57
58                <category android:name="android.intent.category.LAUNCHER" />
58-->src/main/AndroidManifest.xml:18:17-77
58-->src/main/AndroidManifest.xml:18:27-74
59            </intent-filter>
60        </activity>
61
62        <meta-data
62-->src/main/AndroidManifest.xml:22:9-24:69
63            android:name="com.google.android.gms.ads.APPLICATION_ID"
63-->src/main/AndroidManifest.xml:23:13-69
64            android:value="ca-app-pub-xxxxxxxxxxxxxxxx~yyyyyyyyyy" />
64-->src/main/AndroidManifest.xml:24:13-67
65        <!-- Include the AdActivity and InAppPurchaseActivity configChanges and themes. -->
66        <activity
66-->[com.google.android.gms:play-services-ads-lite:22.6.0] AndroidManifest.xml:56:9-61:43
67            android:name="com.google.android.gms.ads.AdActivity"
67-->[com.google.android.gms:play-services-ads-lite:22.6.0] AndroidManifest.xml:57:13-65
68            android:configChanges="keyboard|keyboardHidden|orientation|screenLayout|uiMode|screenSize|smallestScreenSize"
68-->[com.google.android.gms:play-services-ads-lite:22.6.0] AndroidManifest.xml:58:13-122
69            android:exported="false"
69-->[com.google.android.gms:play-services-ads-lite:22.6.0] AndroidManifest.xml:59:13-37
70            android:theme="@android:style/Theme.Translucent" />
70-->[com.google.android.gms:play-services-ads-lite:22.6.0] AndroidManifest.xml:60:13-61
71
72        <provider
72-->[com.google.android.gms:play-services-ads-lite:22.6.0] AndroidManifest.xml:63:9-68:43
73            android:name="com.google.android.gms.ads.MobileAdsInitProvider"
73-->[com.google.android.gms:play-services-ads-lite:22.6.0] AndroidManifest.xml:64:13-76
74            android:authorities="com.universalapps.particleforge.mobileadsinitprovider"
74-->[com.google.android.gms:play-services-ads-lite:22.6.0] AndroidManifest.xml:65:13-73
75            android:exported="false"
75-->[com.google.android.gms:play-services-ads-lite:22.6.0] AndroidManifest.xml:66:13-37
76            android:initOrder="100" />
76-->[com.google.android.gms:play-services-ads-lite:22.6.0] AndroidManifest.xml:67:13-36
77
78        <service
78-->[com.google.android.gms:play-services-ads-lite:22.6.0] AndroidManifest.xml:70:9-74:43
79            android:name="com.google.android.gms.ads.AdService"
79-->[com.google.android.gms:play-services-ads-lite:22.6.0] AndroidManifest.xml:71:13-64
80            android:enabled="true"
80-->[com.google.android.gms:play-services-ads-lite:22.6.0] AndroidManifest.xml:72:13-35
81            android:exported="false" />
81-->[com.google.android.gms:play-services-ads-lite:22.6.0] AndroidManifest.xml:73:13-37
82
83        <activity
83-->[com.google.android.gms:play-services-ads-lite:22.6.0] AndroidManifest.xml:76:9-80:43
84            android:name="com.google.android.gms.ads.OutOfContextTestingActivity"
84-->[com.google.android.gms:play-services-ads-lite:22.6.0] AndroidManifest.xml:77:13-82
85            android:configChanges="keyboard|keyboardHidden|orientation|screenLayout|uiMode|screenSize|smallestScreenSize"
85-->[com.google.android.gms:play-services-ads-lite:22.6.0] AndroidManifest.xml:78:13-122
86            android:exported="false" />
86-->[com.google.android.gms:play-services-ads-lite:22.6.0] AndroidManifest.xml:79:13-37
87        <activity
87-->[com.google.android.gms:play-services-ads-lite:22.6.0] AndroidManifest.xml:81:9-88:43
88            android:name="com.google.android.gms.ads.NotificationHandlerActivity"
88-->[com.google.android.gms:play-services-ads-lite:22.6.0] AndroidManifest.xml:82:13-82
89            android:excludeFromRecents="true"
89-->[com.google.android.gms:play-services-ads-lite:22.6.0] AndroidManifest.xml:83:13-46
90            android:exported="false"
90-->[com.google.android.gms:play-services-ads-lite:22.6.0] AndroidManifest.xml:84:13-37
91            android:launchMode="singleTask"
91-->[com.google.android.gms:play-services-ads-lite:22.6.0] AndroidManifest.xml:85:13-44
92            android:taskAffinity=""
92-->[com.google.android.gms:play-services-ads-lite:22.6.0] AndroidManifest.xml:86:13-36
93            android:theme="@android:style/Theme.Translucent.NoTitleBar" />
93-->[com.google.android.gms:play-services-ads-lite:22.6.0] AndroidManifest.xml:87:13-72
94
95        <property
95-->[com.google.android.gms:play-services-ads-lite:22.6.0] AndroidManifest.xml:90:9-92:62
96            android:name="android.adservices.AD_SERVICES_CONFIG"
96-->[com.google.android.gms:play-services-ads-lite:22.6.0] AndroidManifest.xml:91:13-65
97            android:resource="@xml/gma_ad_services_config" />
97-->[com.google.android.gms:play-services-ads-lite:22.6.0] AndroidManifest.xml:92:13-59
98
99        <activity
99-->[com.google.android.gms:play-services-base:18.0.0] AndroidManifest.xml:20:9-22:45
100            android:name="com.google.android.gms.common.api.GoogleApiActivity"
100-->[com.google.android.gms:play-services-base:18.0.0] AndroidManifest.xml:20:19-85
101            android:exported="false"
101-->[com.google.android.gms:play-services-base:18.0.0] AndroidManifest.xml:22:19-43
102            android:theme="@android:style/Theme.Translucent.NoTitleBar" />
102-->[com.google.android.gms:play-services-base:18.0.0] AndroidManifest.xml:21:19-78
103
104        <meta-data
104-->[com.google.android.gms:play-services-basement:18.2.0] AndroidManifest.xml:21:9-23:69
105            android:name="com.google.android.gms.version"
105-->[com.google.android.gms:play-services-basement:18.2.0] AndroidManifest.xml:22:13-58
106            android:value="@integer/google_play_services_version" />
106-->[com.google.android.gms:play-services-basement:18.2.0] AndroidManifest.xml:23:13-66
107
108        <provider
108-->[androidx.emoji2:emoji2:1.2.0] AndroidManifest.xml:24:9-32:20
109            android:name="androidx.startup.InitializationProvider"
109-->[androidx.emoji2:emoji2:1.2.0] AndroidManifest.xml:25:13-67
110            android:authorities="com.universalapps.particleforge.androidx-startup"
110-->[androidx.emoji2:emoji2:1.2.0] AndroidManifest.xml:26:13-68
111            android:exported="false" >
111-->[androidx.emoji2:emoji2:1.2.0] AndroidManifest.xml:27:13-37
112            <meta-data
112-->[androidx.emoji2:emoji2:1.2.0] AndroidManifest.xml:29:13-31:52
113                android:name="androidx.emoji2.text.EmojiCompatInitializer"
113-->[androidx.emoji2:emoji2:1.2.0] AndroidManifest.xml:30:17-75
114                android:value="androidx.startup" />
114-->[androidx.emoji2:emoji2:1.2.0] AndroidManifest.xml:31:17-49
115            <meta-data
115-->[androidx.work:work-runtime:2.7.0] AndroidManifest.xml:36:13-38:52
116                android:name="androidx.work.WorkManagerInitializer"
116-->[androidx.work:work-runtime:2.7.0] AndroidManifest.xml:37:17-68
117                android:value="androidx.startup" />
117-->[androidx.work:work-runtime:2.7.0] AndroidManifest.xml:38:17-49
118            <meta-data
118-->[androidx.lifecycle:lifecycle-process:2.4.1] AndroidManifest.xml:31:13-33:52
119                android:name="androidx.lifecycle.ProcessLifecycleInitializer"
119-->[androidx.lifecycle:lifecycle-process:2.4.1] AndroidManifest.xml:32:17-78
120                android:value="androidx.startup" />
120-->[androidx.lifecycle:lifecycle-process:2.4.1] AndroidManifest.xml:33:17-49
121        </provider>
122
123        <uses-library
123-->[androidx.privacysandbox.ads:ads-adservices:1.0.0-beta05] AndroidManifest.xml:23:9-25:40
124            android:name="android.ext.adservices"
124-->[androidx.privacysandbox.ads:ads-adservices:1.0.0-beta05] AndroidManifest.xml:24:13-50
125            android:required="false" />
125-->[androidx.privacysandbox.ads:ads-adservices:1.0.0-beta05] AndroidManifest.xml:25:13-37
126
127        <service
127-->[androidx.work:work-runtime:2.7.0] AndroidManifest.xml:41:9-46:35
128            android:name="androidx.work.impl.background.systemalarm.SystemAlarmService"
128-->[androidx.work:work-runtime:2.7.0] AndroidManifest.xml:42:13-88
129            android:directBootAware="false"
129-->[androidx.work:work-runtime:2.7.0] AndroidManifest.xml:43:13-44
130            android:enabled="@bool/enable_system_alarm_service_default"
130-->[androidx.work:work-runtime:2.7.0] AndroidManifest.xml:44:13-72
131            android:exported="false" />
131-->[androidx.work:work-runtime:2.7.0] AndroidManifest.xml:45:13-37
132        <service
132-->[androidx.work:work-runtime:2.7.0] AndroidManifest.xml:47:9-53:35
133            android:name="androidx.work.impl.background.systemjob.SystemJobService"
133-->[androidx.work:work-runtime:2.7.0] AndroidManifest.xml:48:13-84
134            android:directBootAware="false"
134-->[androidx.work:work-runtime:2.7.0] AndroidManifest.xml:49:13-44
135            android:enabled="@bool/enable_system_job_service_default"
135-->[androidx.work:work-runtime:2.7.0] AndroidManifest.xml:50:13-70
136            android:exported="true"
136-->[androidx.work:work-runtime:2.7.0] AndroidManifest.xml:51:13-36
137            android:permission="android.permission.BIND_JOB_SERVICE" />
137-->[androidx.work:work-runtime:2.7.0] AndroidManifest.xml:52:13-69
138        <service
138-->[androidx.work:work-runtime:2.7.0] AndroidManifest.xml:54:9-59:35
139            android:name="androidx.work.impl.foreground.SystemForegroundService"
139-->[androidx.work:work-runtime:2.7.0] AndroidManifest.xml:55:13-81
140            android:directBootAware="false"
140-->[androidx.work:work-runtime:2.7.0] AndroidManifest.xml:56:13-44
141            android:enabled="@bool/enable_system_foreground_service_default"
141-->[androidx.work:work-runtime:2.7.0] AndroidManifest.xml:57:13-77
142            android:exported="false" />
142-->[androidx.work:work-runtime:2.7.0] AndroidManifest.xml:58:13-37
143
144        <receiver
144-->[androidx.work:work-runtime:2.7.0] AndroidManifest.xml:61:9-66:35
145            android:name="androidx.work.impl.utils.ForceStopRunnable$BroadcastReceiver"
145-->[androidx.work:work-runtime:2.7.0] AndroidManifest.xml:62:13-88
146            android:directBootAware="false"
146-->[androidx.work:work-runtime:2.7.0] AndroidManifest.xml:63:13-44
147            android:enabled="true"
147-->[androidx.work:work-runtime:2.7.0] AndroidManifest.xml:64:13-35
148            android:exported="false" />
148-->[androidx.work:work-runtime:2.7.0] AndroidManifest.xml:65:13-37
149        <receiver
149-->[androidx.work:work-runtime:2.7.0] AndroidManifest.xml:67:9-77:20
150            android:name="androidx.work.impl.background.systemalarm.ConstraintProxy$BatteryChargingProxy"
150-->[androidx.work:work-runtime:2.7.0] AndroidManifest.xml:68:13-106
151            android:directBootAware="false"
151-->[androidx.work:work-runtime:2.7.0] AndroidManifest.xml:69:13-44
152            android:enabled="false"
152-->[androidx.work:work-runtime:2.7.0] AndroidManifest.xml:70:13-36
153            android:exported="false" >
153-->[androidx.work:work-runtime:2.7.0] AndroidManifest.xml:71:13-37
154            <intent-filter>
154-->[androidx.work:work-runtime:2.7.0] AndroidManifest.xml:73:13-76:29
155                <action android:name="android.intent.action.ACTION_POWER_CONNECTED" />
155-->[androidx.work:work-runtime:2.7.0] AndroidManifest.xml:74:17-87
155-->[androidx.work:work-runtime:2.7.0] AndroidManifest.xml:74:25-84
156                <action android:name="android.intent.action.ACTION_POWER_DISCONNECTED" />
156-->[androidx.work:work-runtime:2.7.0] AndroidManifest.xml:75:17-90
156-->[androidx.work:work-runtime:2.7.0] AndroidManifest.xml:75:25-87
157            </intent-filter>
158        </receiver>
159        <receiver
159-->[androidx.work:work-runtime:2.7.0] AndroidManifest.xml:78:9-88:20
160            android:name="androidx.work.impl.background.systemalarm.ConstraintProxy$BatteryNotLowProxy"
160-->[androidx.work:work-runtime:2.7.0] AndroidManifest.xml:79:13-104
161            android:directBootAware="false"
161-->[androidx.work:work-runtime:2.7.0] AndroidManifest.xml:80:13-44
162            android:enabled="false"
162-->[androidx.work:work-runtime:2.7.0] AndroidManifest.xml:81:13-36
163            android:exported="false" >
163-->[androidx.work:work-runtime:2.7.0] AndroidManifest.xml:82:13-37
164            <intent-filter>
164-->[androidx.work:work-runtime:2.7.0] AndroidManifest.xml:84:13-87:29
165                <action android:name="android.intent.action.BATTERY_OKAY" />
165-->[androidx.work:work-runtime:2.7.0] AndroidManifest.xml:85:17-77
165-->[androidx.work:work-runtime:2.7.0] AndroidManifest.xml:85:25-74
166                <action android:name="android.intent.action.BATTERY_LOW" />
166-->[androidx.work:work-runtime:2.7.0] AndroidManifest.xml:86:17-76
166-->[androidx.work:work-runtime:2.7.0] AndroidManifest.xml:86:25-73
167            </intent-filter>
168        </receiver>
169        <receiver
169-->[androidx.work:work-runtime:2.7.0] AndroidManifest.xml:89:9-99:20
170            android:name="androidx.work.impl.background.systemalarm.ConstraintProxy$StorageNotLowProxy"
170-->[androidx.work:work-runtime:2.7.0] AndroidManifest.xml:90:13-104
171            android:directBootAware="false"
171-->[androidx.work:work-runtime:2.7.0] AndroidManifest.xml:91:13-44
172            android:enabled="false"
172-->[androidx.work:work-runtime:2.7.0] AndroidManifest.xml:92:13-36
173            android:exported="false" >
173-->[androidx.work:work-runtime:2.7.0] AndroidManifest.xml:93:13-37
174            <intent-filter>
174-->[androidx.work:work-runtime:2.7.0] AndroidManifest.xml:95:13-98:29
175                <action android:name="android.intent.action.DEVICE_STORAGE_LOW" />
175-->[androidx.work:work-runtime:2.7.0] AndroidManifest.xml:96:17-83
175-->[androidx.work:work-runtime:2.7.0] AndroidManifest.xml:96:25-80
176                <action android:name="android.intent.action.DEVICE_STORAGE_OK" />
176-->[androidx.work:work-runtime:2.7.0] AndroidManifest.xml:97:17-82
176-->[androidx.work:work-runtime:2.7.0] AndroidManifest.xml:97:25-79
177            </intent-filter>
178        </receiver>
179        <receiver
179-->[androidx.work:work-runtime:2.7.0] AndroidManifest.xml:100:9-109:20
180            android:name="androidx.work.impl.background.systemalarm.ConstraintProxy$NetworkStateProxy"
180-->[androidx.work:work-runtime:2.7.0] AndroidManifest.xml:101:13-103
181            android:directBootAware="false"
181-->[androidx.work:work-runtime:2.7.0] AndroidManifest.xml:102:13-44
182            android:enabled="false"
182-->[androidx.work:work-runtime:2.7.0] AndroidManifest.xml:103:13-36
183            android:exported="false" >
183-->[androidx.work:work-runtime:2.7.0] AndroidManifest.xml:104:13-37
184            <intent-filter>
184-->[androidx.work:work-runtime:2.7.0] AndroidManifest.xml:106:13-108:29
185                <action android:name="android.net.conn.CONNECTIVITY_CHANGE" />
185-->[androidx.work:work-runtime:2.7.0] AndroidManifest.xml:107:17-79
185-->[androidx.work:work-runtime:2.7.0] AndroidManifest.xml:107:25-76
186            </intent-filter>
187        </receiver>
188        <receiver
188-->[androidx.work:work-runtime:2.7.0] AndroidManifest.xml:110:9-121:20
189            android:name="androidx.work.impl.background.systemalarm.RescheduleReceiver"
189-->[androidx.work:work-runtime:2.7.0] AndroidManifest.xml:111:13-88
190            android:directBootAware="false"
190-->[androidx.work:work-runtime:2.7.0] AndroidManifest.xml:112:13-44
191            android:enabled="false"
191-->[androidx.work:work-runtime:2.7.0] AndroidManifest.xml:113:13-36
192            android:exported="false" >
192-->[androidx.work:work-runtime:2.7.0] AndroidManifest.xml:114:13-37
193            <intent-filter>
193-->[androidx.work:work-runtime:2.7.0] AndroidManifest.xml:116:13-120:29
194                <action android:name="android.intent.action.BOOT_COMPLETED" />
194-->[androidx.work:work-runtime:2.7.0] AndroidManifest.xml:117:17-79
194-->[androidx.work:work-runtime:2.7.0] AndroidManifest.xml:117:25-76
195                <action android:name="android.intent.action.TIME_SET" />
195-->[androidx.work:work-runtime:2.7.0] AndroidManifest.xml:118:17-73
195-->[androidx.work:work-runtime:2.7.0] AndroidManifest.xml:118:25-70
196                <action android:name="android.intent.action.TIMEZONE_CHANGED" />
196-->[androidx.work:work-runtime:2.7.0] AndroidManifest.xml:119:17-81
196-->[androidx.work:work-runtime:2.7.0] AndroidManifest.xml:119:25-78
197            </intent-filter>
198        </receiver>
199        <receiver
199-->[androidx.work:work-runtime:2.7.0] AndroidManifest.xml:122:9-131:20
200            android:name="androidx.work.impl.background.systemalarm.ConstraintProxyUpdateReceiver"
200-->[androidx.work:work-runtime:2.7.0] AndroidManifest.xml:123:13-99
201            android:directBootAware="false"
201-->[androidx.work:work-runtime:2.7.0] AndroidManifest.xml:124:13-44
202            android:enabled="@bool/enable_system_alarm_service_default"
202-->[androidx.work:work-runtime:2.7.0] AndroidManifest.xml:125:13-72
203            android:exported="false" >
203-->[androidx.work:work-runtime:2.7.0] AndroidManifest.xml:126:13-37
204            <intent-filter>
204-->[androidx.work:work-runtime:2.7.0] AndroidManifest.xml:128:13-130:29
205                <action android:name="androidx.work.impl.background.systemalarm.UpdateProxies" />
205-->[androidx.work:work-runtime:2.7.0] AndroidManifest.xml:129:17-98
205-->[androidx.work:work-runtime:2.7.0] AndroidManifest.xml:129:25-95
206            </intent-filter>
207        </receiver>
208        <receiver
208-->[androidx.work:work-runtime:2.7.0] AndroidManifest.xml:132:9-142:20
209            android:name="androidx.work.impl.diagnostics.DiagnosticsReceiver"
209-->[androidx.work:work-runtime:2.7.0] AndroidManifest.xml:133:13-78
210            android:directBootAware="false"
210-->[androidx.work:work-runtime:2.7.0] AndroidManifest.xml:134:13-44
211            android:enabled="true"
211-->[androidx.work:work-runtime:2.7.0] AndroidManifest.xml:135:13-35
212            android:exported="true"
212-->[androidx.work:work-runtime:2.7.0] AndroidManifest.xml:136:13-36
213            android:permission="android.permission.DUMP" >
213-->[androidx.work:work-runtime:2.7.0] AndroidManifest.xml:137:13-57
214            <intent-filter>
214-->[androidx.work:work-runtime:2.7.0] AndroidManifest.xml:139:13-141:29
215                <action android:name="androidx.work.diagnostics.REQUEST_DIAGNOSTICS" />
215-->[androidx.work:work-runtime:2.7.0] AndroidManifest.xml:140:17-88
215-->[androidx.work:work-runtime:2.7.0] AndroidManifest.xml:140:25-85
216            </intent-filter>
217        </receiver>
218
219        <service
219-->[androidx.room:room-runtime:2.2.5] AndroidManifest.xml:25:9-28:40
220            android:name="androidx.room.MultiInstanceInvalidationService"
220-->[androidx.room:room-runtime:2.2.5] AndroidManifest.xml:26:13-74
221            android:directBootAware="true"
221-->[androidx.room:room-runtime:2.2.5] AndroidManifest.xml:27:13-43
222            android:exported="false" />
222-->[androidx.room:room-runtime:2.2.5] AndroidManifest.xml:28:13-37
223    </application>
224
225</manifest>